[# 2019-01-24 17:02:38,124 INFO 23041 auth La llamada proviene de la Ip =>  { ip: '::ffff:10.51.58.238' } #]
[# 2019-01-24 17:02:38,125 INFO 23041 auth La llamada fue realizada en la fecha=>  2019-01-24 17:02:23 #]
[# 2019-01-24 17:02:38,514 INFO 23041 obtenerGitUser El usuario ha sido bloqueado:  true { cgSalida: 'CI-101', descSalida: 'Baja aplicada exitosamente' } #]
[# 2019-01-24 17:02:38,514 INFO 23041 obtenerGitUser { cgSalida: 'CI-101', descSalida: 'Baja aplicada exitosamente' } #]
[# 2019-01-24 17:02:40,217 INFO 23041 auth La llamada proviene de la Ip =>  { ip: '::ffff:10.51.58.238' } #]
[# 2019-01-24 17:02:40,217 INFO 23041 auth La llamada fue realizada en la fecha=>  2019-01-24 17:02:23 #]
[# 2019-01-24 17:02:40,280 INFO 23041 obtenerGitUser { cgSalida: 'CI-102',
  descSalida: 'El usuario ya se encontraba dado de baja',
  folio: '23820190224170123' } #]
[# 2019-01-24 17:02:44,290 INFO 23041 auth La llamada proviene de la Ip =>  { ip: '::ffff:10.51.58.238' } #]
[# 2019-01-24 17:02:44,290 INFO 23041 auth La llamada fue realizada en la fecha=>  2019-01-24 17:02:23 #]
[# 2019-01-24 17:02:44,344 INFO 23041 obtenerGitUser { cgSalida: 'CI-103',
  descSalida: 'No existe usuario en el sistema' } #]
[# 2019-01-24 17:02:55,151 INFO 23041 auth La llamada proviene de la Ip =>  { ip: '::ffff:10.51.58.238' } #]
[# 2019-01-24 17:02:55,152 INFO 23041 auth La llamada fue realizada en la fecha=>  2019-01-24 17:02:23 #]
[# 2019-01-24 17:03:08,710 INFO 23041 auth La llamada proviene de la Ip =>  { ip: '::ffff:10.51.58.238' } #]
[# 2019-01-24 17:03:08,710 INFO 23041 auth La llamada fue realizada en la fecha=>  2019-01-24 17:02:23 #]
[# 2019-01-24 18:06:47,334 INFO 26193 index La applicacion WS Baja Usuarios Git esta corriendo en el puerto: 3000 y en el ambiente de: development. #]
[# 2019-01-24 18:06:47,923 INFO 26196 index La applicacion WS Baja Usuarios Git esta corriendo en el puerto: 3000 y en el ambiente de: development. #]
[# 2019-01-24 18:07:05,118 INFO 26202 index La applicacion WS Baja Usuarios Git esta corriendo en el puerto: 3000 y en el ambiente de: development. #]
[# 2019-01-24 18:07:06,211 INFO 26206 index La applicacion WS Baja Usuarios Git esta corriendo en el puerto: 3000 y en el ambiente de: development. #]
[# 2019-01-24 18:17:54,994 INFO 26907 index La applicacion WS Baja Usuarios Git esta corriendo en el puerto: 3000 y en el ambiente de: development. #]
[# 2019-01-24 18:17:56,055 INFO 26910 index La applicacion WS Baja Usuarios Git esta corriendo en el puerto: 3000 y en el ambiente de: development. #]
[# 2019-01-24 18:19:14,649 INFO 27022 index La applicacion WS Baja Usuarios Git esta corriendo en el puerto: 3000 y en el ambiente de: development. #]
[# 2019-01-24 18:19:15,464 INFO 27025 index La applicacion WS Baja Usuarios Git esta corriendo en el puerto: 3000 y en el ambiente de: development. #]
[# 2019-01-24 18:19:16,661 INFO 27031 index La applicacion WS Baja Usuarios Git esta corriendo en el puerto: 3000 y en el ambiente de: development. #]
[# 2019-01-24 18:19:41,196 INFO 27039 index La applicacion WS Baja Usuarios Git esta corriendo en el puerto: 3000 y en el ambiente de: development. #]
[# 2019-01-24 18:19:42,067 INFO 27043 index La applicacion WS Baja Usuarios Git esta corriendo en el puerto: 3000 y en el ambiente de: development. #]
[# 2019-01-24 18:19:45,027 INFO 27050 index La applicacion WS Baja Usuarios Git esta corriendo en el puerto: 3000 y en el ambiente de: development. #]
[# 2019-01-24 18:19:48,443 INFO 27056 index La applicacion WS Baja Usuarios Git esta corriendo en el puerto: 3000 y en el ambiente de: development. #]
[# 2019-01-24 18:20:22,398 INFO 27108 index La applicacion WS Baja Usuarios Git esta corriendo en el puerto: 3000 y en el ambiente de: development. #]
[# 2019-01-24 18:20:24,219 INFO 27112 index La applicacion WS Baja Usuarios Git esta corriendo en el puerto: 3000 y en el ambiente de: development. #]
[# 2019-01-24 18:22:44,793 INFO 27239 index La applicacion WS Baja Usuarios Git esta corriendo en el puerto: 3000 y en el ambiente de: development. #]
[# 2019-01-24 18:23:05,406 INFO 27305 index La applicacion WS Baja Usuarios Git esta corriendo en el puerto: 3000 y en el ambiente de: development. #]
[# 2019-01-24 18:23:07,091 INFO 27311 index La applicacion WS Baja Usuarios Git esta corriendo en el puerto: 3000 y en el ambiente de: development. #]
[# 2019-01-24 18:23:21,344 INFO 27334 index La applicacion WS Baja Usuarios Git esta corriendo en el puerto: 3000 y en el ambiente de: development. #]
[# 2019-01-24 18:23:36,677 INFO 27362 index La applicacion WS Baja Usuarios Git esta corriendo en el puerto: 3000 y en el ambiente de: development. #]
[# 2019-01-24 18:23:48,507 INFO 27370 index La applicacion WS Baja Usuarios Git esta corriendo en el puerto: 3000 y en el ambiente de: development. #]
[# 2019-01-24 18:26:48,989 INFO 27595 index La applicacion WS Baja Usuarios Git esta corriendo en el puerto: 3000 y en el ambiente de: development. #]
[# 2019-01-24 18:26:59,088 INFO 27595 default GET /favicon.ico #]
[# 2019-01-24 18:27:21,528 INFO 27647 index La applicacion WS Baja Usuarios Git esta corriendo en el puerto: 3000 y en el ambiente de: development. #]
[# 2019-01-24 18:27:25,347 INFO 27653 index La applicacion WS Baja Usuarios Git esta corriendo en el puerto: 3000 y en el ambiente de: development. #]
[# 2019-01-24 18:27:27,617 INFO 27659 index La applicacion WS Baja Usuarios Git esta corriendo en el puerto: 3000 y en el ambiente de: development. #]
[# 2019-01-24 18:27:40,563 INFO 27659 auth La llamada proviene de la Ip =>  { ip: '::ffff:10.51.58.238' } #]
[# 2019-01-24 18:27:40,566 INFO 27659 auth La llamada fue realizada en la fecha=>  2019-01-24 18:27:27 #]
[# 2019-01-24 18:27:40,642 INFO 27659 obtenerGitUser { cgSalida: 'CI-102',
  descSalida: 'El usuario ya se encontraba dado de baja',
  folio: '23820192724180127' } #]
[# 2019-01-24 18:28:18,800 INFO 27668 index La applicacion WS Baja Usuarios Git esta corriendo en el puerto: 3000 y en el ambiente de: development. #]
[# 2019-01-24 18:40:05,662 INFO 27668 auth La llamada proviene de la Ip =>  { ip: '::ffff:10.51.58.238' } #]
[# 2019-01-24 18:40:05,665 INFO 27668 auth La llamada fue realizada en la fecha=>  2019-01-24 18:28:18 #]
[# 2019-01-24 18:40:05,965 INFO 27668 db { cgSalida: 'CI-123', descSalida: 'El Usuario esta activo' } #]
[# 2019-01-24 18:40:26,657 INFO 27668 auth La llamada proviene de la Ip =>  { ip: '::ffff:10.51.58.238' } #]
[# 2019-01-24 18:40:26,657 INFO 27668 auth La llamada fue realizada en la fecha=>  2019-01-24 18:28:18 #]
[# 2019-01-24 18:40:27,031 INFO 27668 db { cgSalida: 'CI-123', descSalida: 'El Usuario esta activo' } #]
[# 2019-01-24 18:40:45,608 INFO 27668 auth La llamada proviene de la Ip =>  { ip: '::ffff:10.51.58.238' } #]
[# 2019-01-24 18:40:45,608 INFO 27668 auth La llamada fue realizada en la fecha=>  2019-01-24 18:28:18 #]
[# 2019-01-24 18:40:47,752 INFO 27668 obtenerGitUser El usuario ha sido bloqueado:  true { cgSalida: 'CI-101', descSalida: 'Baja aplicada exitosamente' } #]
[# 2019-01-24 18:40:47,752 INFO 27668 obtenerGitUser { cgSalida: 'CI-101', descSalida: 'Baja aplicada exitosamente' } #]
